INFO	?	main	2017-01-20T17:13:38.404Z	org.javacs.Main#connectToNode	Connected to parent using socket on port 55282
INFO	?	main	2017-01-20T17:13:38.569Z	org.javacs.JavaLanguageServer#doLint	Lint [c:\Users\rsullivan\Eclipse\workspace\AutomationDriver\com\raysullivan\operation\UIOperation.java]
INFO	?	main	2017-01-20T17:13:38.789Z	org.javacs.JavaLanguageServer#buildClassPath	Emit classpath to C:\Users\RSULLI~1\AppData\Local\Temp\classpath2829429691658122861.txt
INFO	?	main	2017-01-20T17:13:42.749Z	org.javacs.JavaLanguageServer#sourceDirectories	Use source directory from pom.xml com
INFO	?	main	2017-01-20T17:13:42.752Z	org.javacs.JavaLanguageServer#sourceDirectories	Use default test directory src/test/java
INFO	?	InitialIndex	2017-01-20T17:13:43.017Z	org.javacs.SymbolIndex$1#parseAll	Index c:\Users\rsullivan\Eclipse\workspace\AutomationDriver\com\raysullivan\dataProvider\Default.java
INFO	?	InitialIndex	2017-01-20T17:13:43.023Z	org.javacs.SymbolIndex$1#parseAll	Index c:\Users\rsullivan\Eclipse\workspace\AutomationDriver\com\raysullivan\dataProvider\FusionSPDataprovider.java
INFO	?	InitialIndex	2017-01-20T17:13:43.026Z	org.javacs.SymbolIndex$1#parseAll	Index c:\Users\rsullivan\Eclipse\workspace\AutomationDriver\com\raysullivan\dataProvider\FusionSuiteDataprovider.java
INFO	?	InitialIndex	2017-01-20T17:13:43.028Z	org.javacs.SymbolIndex$1#parseAll	Index c:\Users\rsullivan\Eclipse\workspace\AutomationDriver\com\raysullivan\dataProvider\GiftCardsDataprovider.java
INFO	?	InitialIndex	2017-01-20T17:13:43.030Z	org.javacs.SymbolIndex$1#parseAll	Index c:\Users\rsullivan\Eclipse\workspace\AutomationDriver\com\raysullivan\dataProvider\RedRobinComDataprovider.java
INFO	?	InitialIndex	2017-01-20T17:13:43.032Z	org.javacs.SymbolIndex$1#parseAll	Index c:\Users\rsullivan\Eclipse\workspace\AutomationDriver\com\raysullivan\dataProvider\RedRobinRoyaltyDataprovider.java
INFO	?	InitialIndex	2017-01-20T17:13:43.034Z	org.javacs.SymbolIndex$1#parseAll	Index c:\Users\rsullivan\Eclipse\workspace\AutomationDriver\com\raysullivan\dataProvider\WebrootConsumerDataprovider.java
INFO	?	InitialIndex	2017-01-20T17:13:43.036Z	org.javacs.SymbolIndex$1#parseAll	Index c:\Users\rsullivan\Eclipse\workspace\AutomationDriver\com\raysullivan\dataProvider\WorkdayTestDataprovider.java
INFO	?	InitialIndex	2017-01-20T17:13:43.038Z	org.javacs.SymbolIndex$1#parseAll	Index c:\Users\rsullivan\Eclipse\workspace\AutomationDriver\com\raysullivan\driver\FusionAPDriver.java
INFO	?	InitialIndex	2017-01-20T17:13:43.040Z	org.javacs.SymbolIndex$1#parseAll	Index c:\Users\rsullivan\Eclipse\workspace\AutomationDriver\com\raysullivan\driver\FusionSPDriver.java
INFO	?	InitialIndex	2017-01-20T17:13:43.041Z	org.javacs.SymbolIndex$1#parseAll	Index c:\Users\rsullivan\Eclipse\workspace\AutomationDriver\com\raysullivan\driver\GiftCardsDriver.java
INFO	?	InitialIndex	2017-01-20T17:13:43.043Z	org.javacs.SymbolIndex$1#parseAll	Index c:\Users\rsullivan\Eclipse\workspace\AutomationDriver\com\raysullivan\driver\RedRobinComDriver.java
INFO	?	InitialIndex	2017-01-20T17:13:43.044Z	org.javacs.SymbolIndex$1#parseAll	Index c:\Users\rsullivan\Eclipse\workspace\AutomationDriver\com\raysullivan\driver\RedRobinRoyaltyDriver.java
INFO	?	InitialIndex	2017-01-20T17:13:43.046Z	org.javacs.SymbolIndex$1#parseAll	Index c:\Users\rsullivan\Eclipse\workspace\AutomationDriver\com\raysullivan\driver\WebrootConsumerDriver.java
INFO	?	InitialIndex	2017-01-20T17:13:43.047Z	org.javacs.SymbolIndex$1#parseAll	Index c:\Users\rsullivan\Eclipse\workspace\AutomationDriver\com\raysullivan\driver\WorkdayTestDriver.java
INFO	?	InitialIndex	2017-01-20T17:13:43.056Z	org.javacs.SymbolIndex$1#parseAll	Index c:\Users\rsullivan\Eclipse\workspace\AutomationDriver\com\raysullivan\operation\AESencrp.java
INFO	?	InitialIndex	2017-01-20T17:13:43.061Z	org.javacs.SymbolIndex$1#parseAll	Index c:\Users\rsullivan\Eclipse\workspace\AutomationDriver\com\raysullivan\operation\AutomationDriver.java
INFO	?	InitialIndex	2017-01-20T17:13:43.087Z	org.javacs.SymbolIndex$1#parseAll	Index c:\Users\rsullivan\Eclipse\workspace\AutomationDriver\com\raysullivan\operation\AutomationDriverException.java
INFO	?	InitialIndex	2017-01-20T17:13:43.091Z	org.javacs.SymbolIndex$1#parseAll	Index c:\Users\rsullivan\Eclipse\workspace\AutomationDriver\com\raysullivan\operation\AutomationDriverPDFListener.java
INFO	?	InitialIndex	2017-01-20T17:13:43.100Z	org.javacs.SymbolIndex$1#parseAll	Index c:\Users\rsullivan\Eclipse\workspace\AutomationDriver\com\raysullivan\operation\AutomationDriverUtil.java
INFO	?	InitialIndex	2017-01-20T17:13:43.107Z	org.javacs.SymbolIndex$1#parseAll	Index c:\Users\rsullivan\Eclipse\workspace\AutomationDriver\com\raysullivan\operation\AutomationDriverVideoRecorder.java
INFO	?	InitialIndex	2017-01-20T17:13:43.109Z	org.javacs.SymbolIndex$1#parseAll	Index c:\Users\rsullivan\Eclipse\workspace\AutomationDriver\com\raysullivan\operation\BCrypt.java
INFO	?	InitialIndex	2017-01-20T17:13:43.122Z	org.javacs.SymbolIndex$1#parseAll	Index c:\Users\rsullivan\Eclipse\workspace\AutomationDriver\com\raysullivan\operation\DriverVariable.java
INFO	?	InitialIndex	2017-01-20T17:13:43.125Z	org.javacs.SymbolIndex$1#parseAll	Index c:\Users\rsullivan\Eclipse\workspace\AutomationDriver\com\raysullivan\operation\FlashObjectWebDriver.java
INFO	?	InitialIndex	2017-01-20T17:13:43.127Z	org.javacs.SymbolIndex$1#parseAll	Index c:\Users\rsullivan\Eclipse\workspace\AutomationDriver\com\raysullivan\operation\PDFListener.java
INFO	?	InitialIndex	2017-01-20T17:13:43.133Z	org.javacs.SymbolIndex$1#parseAll	Index c:\Users\rsullivan\Eclipse\workspace\AutomationDriver\com\raysullivan\operation\ReadKDTestFile.java
INFO	?	InitialIndex	2017-01-20T17:13:43.135Z	org.javacs.SymbolIndex$1#parseAll	Index c:\Users\rsullivan\Eclipse\workspace\AutomationDriver\com\raysullivan\operation\ReadObject.java
INFO	?	InitialIndex	2017-01-20T17:13:43.137Z	org.javacs.SymbolIndex$1#parseAll	Index c:\Users\rsullivan\Eclipse\workspace\AutomationDriver\com\raysullivan\operation\SendPDFReportByEmail.java
INFO	?	InitialIndex	2017-01-20T17:13:43.139Z	org.javacs.SymbolIndex$1#parseAll	Index c:\Users\rsullivan\Eclipse\workspace\AutomationDriver\com\raysullivan\operation\SpecializedScreenRecorder.java
INFO	?	InitialIndex	2017-01-20T17:13:43.141Z	org.javacs.SymbolIndex$1#parseAll	Index c:\Users\rsullivan\Eclipse\workspace\AutomationDriver\com\raysullivan\operation\UIOperation.java
INFO	?	InitialIndex	2017-01-20T17:13:43.151Z	org.javacs.SymbolIndex$1#parseAll	Index c:\Users\rsullivan\Eclipse\workspace\AutomationDriver\com\raysullivan\operation\WriteCsvTestResults.java
INFO	?	InitialIndex	2017-01-20T17:13:43.154Z	org.javacs.SymbolIndex$1#parseAll	Index c:\Users\rsullivan\Eclipse\workspace\AutomationDriver\com\raysullivan\operation\WriteExcelTestResults.java
INFO	?	InitialIndex	2017-01-20T17:13:43.157Z	org.javacs.SymbolIndex$1#parseAll	Index c:\Users\rsullivan\Eclipse\workspace\AutomationDriver\com\raysullivan\unitTest\CSVToExcelTest.java
INFO	?	InitialIndex	2017-01-20T17:13:43.158Z	org.javacs.SymbolIndex$1#parseAll	Index c:\Users\rsullivan\Eclipse\workspace\AutomationDriver\com\raysullivan\unitTest\TestAutomationDriverOperationAssert.java
INFO	?	InitialIndex	2017-01-20T17:13:43.163Z	org.javacs.SymbolIndex$1#parseAll	Index c:\Users\rsullivan\Eclipse\workspace\AutomationDriver\com\raysullivan\unitTest\TestAutomationDriverUtilTest.java
INFO	?	InitialIndex	2017-01-20T17:13:43.167Z	org.javacs.SymbolIndex$1#parseAll	Index c:\Users\rsullivan\Eclipse\workspace\AutomationDriver\com\raysullivan\unitTest\TestBCrypt.java
INFO	?	InitialIndex	2017-01-20T17:13:43.171Z	org.javacs.SymbolIndex$1#parseAll	Index c:\Users\rsullivan\Eclipse\workspace\AutomationDriver\com\raysullivan\unitTest\TestDriverVariable.java
INFO	?	InitialIndex	2017-01-20T17:13:43.174Z	org.javacs.SymbolIndex$1#parseAll	Index c:\Users\rsullivan\Eclipse\workspace\AutomationDriver\com\raysullivan\unitTest\TestGenerateEncryptedString.java
INFO	?	InitialIndex	2017-01-20T17:13:43.176Z	org.javacs.SymbolIndex$1#parseAll	Index c:\Users\rsullivan\Eclipse\workspace\AutomationDriver\com\raysullivan\unitTest\TestUIOperation.java
INFO	?	InitialIndex	2017-01-20T17:13:43.182Z	org.javacs.SymbolIndex$1#parseAll	Index c:\Users\rsullivan\Eclipse\workspace\AutomationDriver\com\rsullivan\obsolete\CsvToExcel.java
